<?xml version="1.0" encoding="UTF-8"?>
<!-- Generated by org.testng.reporters.JUnitXMLReporter -->
<testsuite ignored="0" hostname="DESKTOP-QD7MF90" failures="1" tests="1" name="Test" time="130.777" errors="0" timestamp="2022-05-24T09:52:42 IST">
  <testcase classname="com.vtiger.campaignsTest.CreateCampaignTest" name="createCampaignByExcelAndPFTest" time="4.33">
    <failure type="java.lang.NullPointerException" message="Cannot invoke &amp;quot;com.sdet34l1.genericlibrary.MSExcelLibrary.getDataFromExcel(String, int, int)&amp;quot; because &amp;quot;this.msExcelLibrary&amp;quot; is null">
      <![CDATA[java.lang.NullPointerException: Cannot invoke "com.sdet34l1.genericlibrary.MSExcelLibrary.getDataFromExcel(String, int, int)" because "this.msExcelLibrary" is null
at com.vtiger.campaignsTest.CreateCampaignTest.createCampaignByExcelAndPFTest(CreateCampaignTest.java:27)
at java.base/java.util.ArrayList.forEach(ArrayList.java:1511)
... Removed 27 stack frames]]>
    </failure>
  </testcase> <!-- createCampaignByExcelAndPFTest -->
</testsuite> <!-- Test -->
